<?xml version="1.0" encoding="UTF-8"?>
<!-- Generated by org.testng.reporters.JUnitXMLReporter -->
<testsuite ignored="0" hostname="DESKTOP-V0U2QMD" failures="0" tests="5" name="Surefire test" time="0.047" errors="0" timestamp="2023-11-07T10:43:48 IST">
  <testcase classname="com.lbrce.parise.UserValidationTest" name="testCase1" time="0.01"/>
  <testcase classname="com.lbrce.parise.UserValidationTest" name="testCase2" time="0.0"/>
  <testcase classname="com.lbrce.parise.UserValidationTest" name="testCase3" time="0.001"/>
  <testcase classname="com.lbrce.parise.UserValidationTest" name="testCase4" time="0.0"/>
  <testcase classname="com.lbrce.parise.UserValidationTest" name="testCase5" time="0.0"/>
</testsuite> <!-- Surefire test -->
